{
  "Unit Tests": {
    "coverage": {
      "/Users/dalbdrrai/Documents/Projects/test-run/tribe-digital-interview/lib/post_service.rb": {
        "lines": [
          1,
          1,
          null,
          null,
          null,
          null,
          null,
          null,
          null,
          null,
          1,
          3,
          3,
          3,
          null,
          null,
          1,
          7,
          null,
          null,
          1,
          2,
          1,
          null,
          1,
          4,
          null,
          4,
          7,
          null,
          null,
          null,
          null,
          null,
          1,
          null,
          1,
          4,
          null,
          null,
          1,
          6,
          null,
          null,
          1,
          11,
          null,
          null
        ]
      },
      "/Users/dalbdrrai/Documents/Projects/test-run/tribe-digital-interview/lib/order_parser.rb": {
        "lines": [
          1,
          1,
          null,
          null,
          null,
          1,
          8,
          null,
          null,
          1,
          63,
          null,
          null,
          1,
          7,
          null,
          null
        ]
      },
      "/Users/dalbdrrai/Documents/Projects/test-run/tribe-digital-interview/lib/post_bundle_calculator.rb": {
        "lines": [
          1,
          1,
          null,
          null,
          null,
          null,
          null,
          1,
          6,
          6,
          6,
          null,
          null,
          1,
          3,
          null,
          2,
          8,
          8,
          8,
          28,
          8,
          8,
          null,
          8,
          8,
          3,
          null,
          5,
          null,
          null,
          8,
          null,
          null,
          2,
          null,
          null,
          1,
          154,
          22,
          null,
          132,
          263,
          145,
          145,
          145,
          null,
          null,
          null,
          null,
          null,
          1,
          4,
          4,
          4,
          null,
          null,
          null,
          null,
          null,
          null,
          1,
          9,
          36,
          null,
          null,
          null,
          1,
          5,
          null,
          5,
          24,
          57,
          null,
          5,
          null,
          null,
          null,
          null,
          null,
          null,
          1,
          19,
          19,
          19,
          null,
          19,
          33,
          33,
          null,
          33,
          null,
          null,
          null,
          33,
          null,
          null,
          null,
          19,
          null,
          null,
          1,
          4,
          null,
          null
        ]
      },
      "/Users/dalbdrrai/Documents/Projects/test-run/tribe-digital-interview/lib/format_validator.rb": {
        "lines": [
          1,
          1,
          1,
          27,
          null,
          null,
          1,
          31,
          null,
          null,
          1,
          2,
          null,
          null,
          null
        ]
      }
    },
    "timestamp": 1649643674
  },
  "Integration Tests": {
    "coverage": {
      "/Users/dalbdrrai/Documents/Projects/test-run/tribe-digital-interview/lib/post_service.rb": {
        "lines": [
          1,
          1,
          null,
          null,
          null,
          null,
          null,
          null,
          null,
          null,
          1,
          3,
          3,
          3,
          null,
          null,
          1,
          7,
          null,
          null,
          1,
          2,
          1,
          null,
          1,
          4,
          null,
          4,
          7,
          null,
          null,
          null,
          null,
          null,
          1,
          null,
          1,
          4,
          null,
          null,
          1,
          6,
          null,
          null,
          1,
          11,
          null,
          null
        ]
      },
      "/Users/dalbdrrai/Documents/Projects/test-run/tribe-digital-interview/lib/order_parser.rb": {
        "lines": [
          1,
          1,
          null,
          null,
          null,
          1,
          3,
          null,
          null,
          1,
          27,
          null,
          null,
          1,
          3,
          null,
          null
        ]
      },
      "/Users/dalbdrrai/Documents/Projects/test-run/tribe-digital-interview/lib/post_bundle_calculator.rb": {
        "lines": [
          1,
          1,
          null,
          null,
          null,
          null,
          null,
          1,
          3,
          3,
          3,
          null,
          null,
          1,
          3,
          null,
          2,
          8,
          8,
          8,
          28,
          8,
          8,
          null,
          8,
          8,
          3,
          null,
          5,
          null,
          null,
          8,
          null,
          null,
          2,
          null,
          null,
          1,
          142,
          19,
          null,
          123,
          249,
          134,
          134,
          134,
          null,
          null,
          null,
          null,
          null,
          1,
          3,
          3,
          3,
          null,
          null,
          null,
          null,
          null,
          null,
          1,
          8,
          32,
          null,
          null,
          null,
          1,
          5,
          null,
          5,
          24,
          57,
          null,
          5,
          null,
          null,
          null,
          null,
          null,
          null,
          1,
          19,
          19,
          19,
          null,
          19,
          33,
          33,
          null,
          33,
          null,
          null,
          null,
          33,
          null,
          null,
          null,
          19,
          null,
          null,
          1,
          4,
          null,
          null
        ]
      },
      "/Users/dalbdrrai/Documents/Projects/test-run/tribe-digital-interview/lib/format_validator.rb": {
        "lines": [
          1,
          1,
          1,
          17,
          null,
          null,
          1,
          20,
          null,
          null,
          1,
          1,
          null,
          null,
          null
        ]
      }
    },
    "timestamp": 1649642541
  },
  "RSpec": {
    "coverage": {
      "/Users/dalbdrrai/Documents/Projects/tribe-digital-interview/lib/format_validator.rb": {
        "lines": [
          0,
          0,
          0,
          0,
          0,
          null,
          0,
          0,
          0,
          null,
          0,
          0,
          0,
          null,
          0,
          0,
          0,
          0,
          0
        ],
        "branches": {
        }
      },
      "/Users/dalbdrrai/Documents/Projects/tribe-digital-interview/lib/order_parser.rb": {
        "lines": [
          0,
          null,
          0,
          0,
          0,
          null,
          0,
          0,
          0,
          null,
          0,
          0,
          0,
          null,
          0,
          0,
          0,
          0
        ],
        "branches": {
        }
      },
      "/Users/dalbdrrai/Documents/Projects/tribe-digital-interview/lib/post_service.rb": {
        "lines": [
          0,
          0,
          0,
          0,
          0,
          0,
          0,
          0,
          0,
          null,
          0,
          0,
          0,
          0,
          0,
          null,
          0,
          0,
          0,
          null,
          0,
          0,
          0,
          0,
          0,
          0,
          0,
          null,
          0,
          0,
          0,
          0,
          0,
          0,
          null,
          0,
          null,
          0,
          0,
          0,
          null,
          0,
          0,
          0,
          null,
          0,
          0,
          0,
          0
        ],
        "branches": {
        }
      },
      "/Users/dalbdrrai/Documents/Projects/tribe-digital-interview/lib/post_bundle_calculator.rb": {
        "lines": [
          0,
          0,
          0,
          0,
          0,
          0,
          null,
          0,
          0,
          0,
          0,
          0,
          null,
          0,
          0,
          null,
          0,
          0,
          0,
          0,
          0,
          0,
          0,
          null,
          0,
          0,
          0,
          0,
          0,
          0,
          0,
          null,
          0,
          0,
          null,
          0,
          0,
          0,
          0,
          0,
          0,
          0,
          0,
          0,
          0,
          0,
          0,
          0,
          null,
          0,
          0,
          0,
          0,
          0,
          0,
          0,
          0,
          0,
          null,
          0,
          0,
          0,
          0,
          0,
          null,
          0,
          0,
          null,
          0,
          0,
          0,
          null,
          0,
          0,
          0,
          0,
          0,
          null,
          0,
          0,
          0,
          0,
          null,
          0,
          0,
          0,
          null,
          0,
          0,
          0,
          0,
          0,
          0,
          0,
          null,
          0,
          0,
          null,
          0,
          0,
          0,
          0
        ],
        "branches": {
        }
      }
    },
    "timestamp": 1649602387
  }
}
