{
  "Unit Tests": {
    "coverage": {
      "/Users/dalbdrrai/Documents/Projects/tribe-digital-interview/lib/post_service.rb": {
        "lines": [
          1,
          1,
          null,
          null,
          null,
          null,
          null,
          null,
          null,
          null,
          1,
          3,
          3,
          3,
          null,
          null,
          1,
          7,
          null,
          null,
          1,
          2,
          1,
          null,
          1,
          3,
          3,
          null,
          3,
          6,
          null,
          null,
          null,
          null,
          null,
          1,
          null,
          1,
          4,
          null,
          null,
          1,
          6,
          null,
          null,
          1,
          9,
          null,
          null
        ]
      },
      "/Users/dalbdrrai/Documents/Projects/tribe-digital-interview/lib/order_parser.rb": {
        "lines": [
          1,
          null,
          1,
          null,
          null,
          null,
          1,
          8,
          null,
          null,
          1,
          49,
          null,
          null,
          1,
          7,
          null,
          null
        ]
      },
      "/Users/dalbdrrai/Documents/Projects/tribe-digital-interview/lib/post_bundle_calculator.rb": {
        "lines": [
          1,
          1,
          null,
          null,
          null,
          null,
          null,
          1,
          6,
          6,
          6,
          null,
          null,
          1,
          3,
          null,
          2,
          6,
          6,
          6,
          18,
          6,
          6,
          null,
          6,
          2,
          null,
          4,
          null,
          6,
          null,
          null,
          2,
          null,
          null,
          1,
          114,
          18,
          null,
          96,
          190,
          107,
          107,
          107,
          null,
          null,
          null,
          null,
          null,
          1,
          3,
          3,
          3,
          null,
          null,
          null,
          null,
          null,
          null,
          1,
          7,
          42,
          null,
          null,
          null,
          1,
          4,
          null,
          4,
          19,
          45,
          null,
          4,
          null,
          null,
          null,
          null,
          null,
          1,
          15,
          15,
          15,
          null,
          15,
          26,
          26,
          null,
          26,
          null,
          null,
          null,
          26,
          null,
          null,
          null,
          15,
          null,
          null,
          1,
          4,
          null,
          null
        ]
      },
      "/Users/dalbdrrai/Documents/Projects/tribe-digital-interview/lib/format_validator.rb": {
        "lines": [
          1,
          1,
          1,
          21,
          null,
          null,
          1,
          25,
          null,
          null,
          1,
          2,
          null,
          null,
          null
        ]
      }
    },
    "timestamp": 1649602624
  },
  "Integration Tests": {
    "coverage": {
      "/Users/dalbdrrai/Documents/Projects/tribe-digital-interview/lib/post_service.rb": {
        "lines": [
          1,
          1,
          null,
          null,
          null,
          null,
          null,
          null,
          null,
          null,
          1,
          3,
          3,
          3,
          null,
          null,
          1,
          6,
          null,
          null,
          1,
          1,
          0,
          null,
          1,
          3,
          3,
          null,
          3,
          6,
          null,
          null,
          null,
          null,
          null,
          1,
          null,
          1,
          4,
          null,
          null,
          1,
          6,
          null,
          null,
          1,
          9,
          null,
          null
        ]
      },
      "/Users/dalbdrrai/Documents/Projects/tribe-digital-interview/lib/order_parser.rb": {
        "lines": [
          1,
          null,
          1,
          null,
          null,
          null,
          1,
          3,
          null,
          null,
          1,
          21,
          null,
          null,
          1,
          3,
          null,
          null
        ]
      },
      "/Users/dalbdrrai/Documents/Projects/tribe-digital-interview/lib/post_bundle_calculator.rb": {
        "lines": [
          1,
          1,
          null,
          null,
          null,
          null,
          null,
          1,
          3,
          3,
          3,
          null,
          null,
          1,
          3,
          null,
          2,
          6,
          6,
          6,
          18,
          6,
          6,
          null,
          6,
          2,
          null,
          4,
          null,
          6,
          null,
          null,
          2,
          null,
          null,
          1,
          102,
          15,
          null,
          87,
          176,
          96,
          96,
          96,
          null,
          null,
          null,
          null,
          null,
          1,
          2,
          2,
          2,
          null,
          null,
          null,
          null,
          null,
          null,
          1,
          6,
          36,
          null,
          null,
          null,
          1,
          4,
          null,
          4,
          19,
          45,
          null,
          4,
          null,
          null,
          null,
          null,
          null,
          1,
          15,
          15,
          15,
          null,
          15,
          26,
          26,
          null,
          26,
          null,
          null,
          null,
          26,
          null,
          null,
          null,
          15,
          null,
          null,
          1,
          4,
          null,
          null
        ]
      },
      "/Users/dalbdrrai/Documents/Projects/tribe-digital-interview/lib/format_validator.rb": {
        "lines": [
          1,
          1,
          1,
          12,
          null,
          null,
          1,
          16,
          null,
          null,
          1,
          4,
          null,
          null,
          1,
          0,
          null,
          null,
          null
        ]
      }
    },
    "timestamp": 1649601168
  },
  "RSpec": {
    "coverage": {
      "/Users/dalbdrrai/Documents/Projects/tribe-digital-interview/lib/format_validator.rb": {
        "lines": [
          0,
          0,
          0,
          0,
          0,
          null,
          0,
          0,
          0,
          null,
          0,
          0,
          0,
          null,
          0,
          0,
          0,
          0,
          0
        ],
        "branches": {
        }
      },
      "/Users/dalbdrrai/Documents/Projects/tribe-digital-interview/lib/order_parser.rb": {
        "lines": [
          0,
          null,
          0,
          0,
          0,
          null,
          0,
          0,
          0,
          null,
          0,
          0,
          0,
          null,
          0,
          0,
          0,
          0
        ],
        "branches": {
        }
      },
      "/Users/dalbdrrai/Documents/Projects/tribe-digital-interview/lib/post_service.rb": {
        "lines": [
          0,
          0,
          0,
          0,
          0,
          0,
          0,
          0,
          0,
          null,
          0,
          0,
          0,
          0,
          0,
          null,
          0,
          0,
          0,
          null,
          0,
          0,
          0,
          0,
          0,
          0,
          0,
          null,
          0,
          0,
          0,
          0,
          0,
          0,
          null,
          0,
          null,
          0,
          0,
          0,
          null,
          0,
          0,
          0,
          null,
          0,
          0,
          0,
          0
        ],
        "branches": {
        }
      },
      "/Users/dalbdrrai/Documents/Projects/tribe-digital-interview/lib/post_bundle_calculator.rb": {
        "lines": [
          0,
          0,
          0,
          0,
          0,
          0,
          null,
          0,
          0,
          0,
          0,
          0,
          null,
          0,
          0,
          null,
          0,
          0,
          0,
          0,
          0,
          0,
          0,
          null,
          0,
          0,
          0,
          0,
          0,
          0,
          0,
          null,
          0,
          0,
          null,
          0,
          0,
          0,
          0,
          0,
          0,
          0,
          0,
          0,
          0,
          0,
          0,
          0,
          null,
          0,
          0,
          0,
          0,
          0,
          0,
          0,
          0,
          0,
          null,
          0,
          0,
          0,
          0,
          0,
          null,
          0,
          0,
          null,
          0,
          0,
          0,
          null,
          0,
          0,
          0,
          0,
          0,
          null,
          0,
          0,
          0,
          0,
          null,
          0,
          0,
          0,
          null,
          0,
          0,
          0,
          0,
          0,
          0,
          0,
          null,
          0,
          0,
          null,
          0,
          0,
          0,
          0
        ],
        "branches": {
        }
      }
    },
    "timestamp": 1649602387
  }
}
